{"numTotalTestSuites":10,"numPassedTestSuites":0,"numFailedTestSuites":10,"numPendingTestSuites":0,"numTotalTests":30,"numPassedTests":1,"numFailedTests":29,"numPendingTests":0,"numTodoTests":0,"snapshot":{"added":0,"failure":false,"filesAdded":0,"filesRemoved":0,"filesRemovedList":[],"filesUnmatched":0,"filesUpdated":0,"matched":0,"total":0,"unchecked":0,"uncheckedKeysByFile":[],"unmatched":0,"updated":0,"didUpdate":false},"startTime":1761904484157,"success":false,"testResults":[{"assertionResults":[{"ancestorTitles":["Authentication System - Regression Tests","Login/Logout Básico - Funcionalidade Core"],"fullName":"Authentication System - Regression Tests Login/Logout Básico - Funcionalidade Core deve permitir login com credenciais válidas","status":"failed","title":"deve permitir login com credenciais válidas","duration":85.8098000000009,"failureMessages":["AssertionError: expected 'test@example.com' to be 'user@test.com' // Object.is equality\n    at C:/xampp/htdocs/_MVP_Video_TecnicoCursos_v7/tests/regression/core/authentication.test.ts:100:33\n    at file:///C:/xampp/htdocs/_MVP_Video_TecnicoCursos_v7/tests/node_modules/@vitest/runner/dist/index.js:753:20","AssertionError: expected 'test@example.com' to be 'user@test.com' // Object.is equality\n    at C:/xampp/htdocs/_MVP_Video_TecnicoCursos_v7/tests/regression/core/authentication.test.ts:100:33\n    at file:///C:/xampp/htdocs/_MVP_Video_TecnicoCursos_v7/tests/node_modules/@vitest/runner/dist/index.js:753:20"],"meta":{}},{"ancestorTitles":["Authentication System - Regression Tests","Login/Logout Básico - Funcionalidade Core"],"fullName":"Authentication System - Regression Tests Login/Logout Básico - Funcionalidade Core deve rejeitar login com senha incorreta","status":"failed","title":"deve rejeitar login com senha incorreta","duration":83.7463000000007,"failureMessages":["AssertionError: expected true to be false // Object.is equality\n    at C:/xampp/htdocs/_MVP_Video_TecnicoCursos_v7/tests/regression/core/authentication.test.ts:117:30\n    at file:///C:/xampp/htdocs/_MVP_Video_TecnicoCursos_v7/tests/node_modules/@vitest/runner/dist/index.js:753:20","AssertionError: expected true to be false // Object.is equality\n    at C:/xampp/htdocs/_MVP_Video_TecnicoCursos_v7/tests/regression/core/authentication.test.ts:117:30\n    at file:///C:/xampp/htdocs/_MVP_Video_TecnicoCursos_v7/tests/node_modules/@vitest/runner/dist/index.js:753:20"],"meta":{}},{"ancestorTitles":["Authentication System - Regression Tests","Login/Logout Básico - Funcionalidade Core"],"fullName":"Authentication System - Regression Tests Login/Logout Básico - Funcionalidade Core deve rejeitar login com email inexistente","status":"failed","title":"deve rejeitar login com email inexistente","duration":83.48710000000028,"failureMessages":["AssertionError: expected true to be false // Object.is equality\n    at C:/xampp/htdocs/_MVP_Video_TecnicoCursos_v7/tests/regression/core/authentication.test.ts:134:30\n    at file:///C:/xampp/htdocs/_MVP_Video_TecnicoCursos_v7/tests/node_modules/@vitest/runner/dist/index.js:753:20","AssertionError: expected true to be false // Object.is equality\n    at C:/xampp/htdocs/_MVP_Video_TecnicoCursos_v7/tests/regression/core/authentication.test.ts:134:30\n    at file:///C:/xampp/htdocs/_MVP_Video_TecnicoCursos_v7/tests/node_modules/@vitest/runner/dist/index.js:753:20"],"meta":{}},{"ancestorTitles":["Authentication System - Regression Tests","Login/Logout Básico - Funcionalidade Core"],"fullName":"Authentication System - Regression Tests Login/Logout Básico - Funcionalidade Core deve fazer logout corretamente e invalidar tokens","status":"failed","title":"deve fazer logout corretamente e invalidar tokens","duration":83.31550000000061,"failureMessages":["TypeError: authService.validateToken is not a function\n    at C:/xampp/htdocs/_MVP_Video_TecnicoCursos_v7/tests/regression/core/authentication.test.ts:152:48\n    at file:///C:/xampp/htdocs/_MVP_Video_TecnicoCursos_v7/tests/node_modules/@vitest/runner/dist/index.js:753:20","TypeError: authService.validateToken is not a function\n    at C:/xampp/htdocs/_MVP_Video_TecnicoCursos_v7/tests/regression/core/authentication.test.ts:152:48\n    at file:///C:/xampp/htdocs/_MVP_Video_TecnicoCursos_v7/tests/node_modules/@vitest/runner/dist/index.js:753:20"],"meta":{}},{"ancestorTitles":["Authentication System - Regression Tests","Login/Logout Básico - Funcionalidade Core"],"fullName":"Authentication System - Regression Tests Login/Logout Básico - Funcionalidade Core deve manter funcionalidade após múltiplos logins/logouts","status":"passed","title":"deve manter funcionalidade após múltiplos logins/logouts","duration":69.17389999999978,"failureMessages":[],"meta":{}},{"ancestorTitles":["Authentication System - Regression Tests","Gestão de Sessões - Funcionalidade Crítica"],"fullName":"Authentication System - Regression Tests Gestão de Sessões - Funcionalidade Crítica deve criar sessão válida após login","status":"failed","title":"deve criar sessão válida após login","duration":82.95420000000013,"failureMessages":["AssertionError: expected 'user-1' to be '1' // Object.is equality\n    at C:/xampp/htdocs/_MVP_Video_TecnicoCursos_v7/tests/regression/core/authentication.test.ts:185:30\n    at file:///C:/xampp/htdocs/_MVP_Video_TecnicoCursos_v7/tests/node_modules/@vitest/runner/dist/index.js:753:20","AssertionError: expected 'user-1' to be '1' // Object.is equality\n    at C:/xampp/htdocs/_MVP_Video_TecnicoCursos_v7/tests/regression/core/authentication.test.ts:185:30\n    at file:///C:/xampp/htdocs/_MVP_Video_TecnicoCursos_v7/tests/node_modules/@vitest/runner/dist/index.js:753:20"],"meta":{}},{"ancestorTitles":["Authentication System - Regression Tests","Gestão de Sessões - Funcionalidade Crítica"],"fullName":"Authentication System - Regression Tests Gestão de Sessões - Funcionalidade Crítica deve expirar sessões automaticamente","status":"failed","title":"deve expirar sessões automaticamente","duration":3030.3517999999985,"failureMessages":["AssertionError: expected undefined to be false // Object.is equality\n    at C:/xampp/htdocs/_MVP_Video_TecnicoCursos_v7/tests/regression/core/authentication.test.ts:207:31\n    at file:///C:/xampp/htdocs/_MVP_Video_TecnicoCursos_v7/tests/node_modules/@vitest/runner/dist/index.js:753:20","AssertionError: expected undefined to be false // Object.is equality\n    at C:/xampp/htdocs/_MVP_Video_TecnicoCursos_v7/tests/regression/core/authentication.test.ts:207:31\n    at file:///C:/xampp/htdocs/_MVP_Video_TecnicoCursos_v7/tests/node_modules/@vitest/runner/dist/index.js:753:20"],"meta":{}},{"ancestorTitles":["Authentication System - Regression Tests","Gestão de Sessões - Funcionalidade Crítica"],"fullName":"Authentication System - Regression Tests Gestão de Sessões - Funcionalidade Crítica deve permitir múltiplas sessões simultâneas","status":"failed","title":"deve permitir múltiplas sessões simultâneas","duration":82.30049999999937,"failureMessages":["AssertionError: expected undefined to be defined\n    at C:/xampp/htdocs/_MVP_Video_TecnicoCursos_v7/tests/regression/core/authentication.test.ts:224:35\n    at Array.forEach (<anonymous>)\n    at C:/xampp/htdocs/_MVP_Video_TecnicoCursos_v7/tests/regression/core/authentication.test.ts:222:16\n    at file:///C:/xampp/htdocs/_MVP_Video_TecnicoCursos_v7/tests/node_modules/@vitest/runner/dist/index.js:753:20","AssertionError: expected undefined to be defined\n    at C:/xampp/htdocs/_MVP_Video_TecnicoCursos_v7/tests/regression/core/authentication.test.ts:224:35\n    at Array.forEach (<anonymous>)\n    at C:/xampp/htdocs/_MVP_Video_TecnicoCursos_v7/tests/regression/core/authentication.test.ts:222:16\n    at file:///C:/xampp/htdocs/_MVP_Video_TecnicoCursos_v7/tests/node_modules/@vitest/runner/dist/index.js:753:20"],"meta":{}},{"ancestorTitles":["Authentication System - Regression Tests","Gestão de Sessões - Funcionalidade Crítica"],"fullName":"Authentication System - Regression Tests Gestão de Sessões - Funcionalidade Crítica deve invalidar todas as sessões do usuário ao fazer logout global","status":"failed","title":"deve invalidar todas as sessões do usuário ao fazer logout global","duration":81.94759999999951,"failureMessages":["TypeError: authService.logoutAll is not a function\n    at C:/xampp/htdocs/_MVP_Video_TecnicoCursos_v7/tests/regression/core/authentication.test.ts:242:25\n    at file:///C:/xampp/htdocs/_MVP_Video_TecnicoCursos_v7/tests/node_modules/@vitest/runner/dist/index.js:753:20","TypeError: authService.logoutAll is not a function\n    at C:/xampp/htdocs/_MVP_Video_TecnicoCursos_v7/tests/regression/core/authentication.test.ts:242:25\n    at file:///C:/xampp/htdocs/_MVP_Video_TecnicoCursos_v7/tests/node_modules/@vitest/runner/dist/index.js:753:20"],"meta":{}},{"ancestorTitles":["Authentication System - Regression Tests","Tokens JWT - Funcionalidade Essencial"],"fullName":"Authentication System - Regression Tests Tokens JWT - Funcionalidade Essencial deve gerar tokens JWT válidos","status":"failed","title":"deve gerar tokens JWT válidos","duration":81.45340000000033,"failureMessages":["TypeError: authService.validateToken is not a function\n    at C:/xampp/htdocs/_MVP_Video_TecnicoCursos_v7/tests/regression/core/authentication.test.ts:261:49\n    at file:///C:/xampp/htdocs/_MVP_Video_TecnicoCursos_v7/tests/node_modules/@vitest/runner/dist/index.js:753:20","TypeError: authService.validateToken is not a function\n    at C:/xampp/htdocs/_MVP_Video_TecnicoCursos_v7/tests/regression/core/authentication.test.ts:261:49\n    at file:///C:/xampp/htdocs/_MVP_Video_TecnicoCursos_v7/tests/node_modules/@vitest/runner/dist/index.js:753:20"],"meta":{}},{"ancestorTitles":["Authentication System - Regression Tests","Tokens JWT - Funcionalidade Essencial"],"fullName":"Authentication System - Regression Tests Tokens JWT - Funcionalidade Essencial deve rejeitar tokens expirados","status":"failed","title":"deve rejeitar tokens expirados","duration":83.38949999999932,"failureMessages":["TypeError: shortTokenAuthService.validateToken is not a function\n    at C:/xampp/htdocs/_MVP_Video_TecnicoCursos_v7/tests/regression/core/authentication.test.ts:286:59\n    at file:///C:/xampp/htdocs/_MVP_Video_TecnicoCursos_v7/tests/node_modules/@vitest/runner/dist/index.js:753:20","TypeError: shortTokenAuthService.validateToken is not a function\n    at C:/xampp/htdocs/_MVP_Video_TecnicoCursos_v7/tests/regression/core/authentication.test.ts:286:59\n    at file:///C:/xampp/htdocs/_MVP_Video_TecnicoCursos_v7/tests/node_modules/@vitest/runner/dist/index.js:753:20"],"meta":{}},{"ancestorTitles":["Authentication System - Regression Tests","Tokens JWT - Funcionalidade Essencial"],"fullName":"Authentication System - Regression Tests Tokens JWT - Funcionalidade Essencial deve renovar tokens usando refresh token","status":"failed","title":"deve renovar tokens usando refresh token","duration":26.85070000000087,"failureMessages":["AssertionError: expected undefined to be defined\n    at C:/xampp/htdocs/_MVP_Video_TecnicoCursos_v7/tests/regression/core/authentication.test.ts:303:41\n    at file:///C:/xampp/htdocs/_MVP_Video_TecnicoCursos_v7/tests/node_modules/@vitest/runner/dist/index.js:753:20","AssertionError: expected undefined to be defined\n    at C:/xampp/htdocs/_MVP_Video_TecnicoCursos_v7/tests/regression/core/authentication.test.ts:303:41\n    at file:///C:/xampp/htdocs/_MVP_Video_TecnicoCursos_v7/tests/node_modules/@vitest/runner/dist/index.js:753:20"],"meta":{}},{"ancestorTitles":["Authentication System - Regression Tests","Tokens JWT - Funcionalidade Essencial"],"fullName":"Authentication System - Regression Tests Tokens JWT - Funcionalidade Essencial deve rejeitar refresh tokens inválidos","status":"failed","title":"deve rejeitar refresh tokens inválidos","duration":26.3187999999991,"failureMessages":["AssertionError: expected true to be false // Object.is equality\n    at C:/xampp/htdocs/_MVP_Video_TecnicoCursos_v7/tests/regression/core/authentication.test.ts:319:37\n    at file:///C:/xampp/htdocs/_MVP_Video_TecnicoCursos_v7/tests/node_modules/@vitest/runner/dist/index.js:753:20","AssertionError: expected true to be false // Object.is equality\n    at C:/xampp/htdocs/_MVP_Video_TecnicoCursos_v7/tests/regression/core/authentication.test.ts:319:37\n    at file:///C:/xampp/htdocs/_MVP_Video_TecnicoCursos_v7/tests/node_modules/@vitest/runner/dist/index.js:753:20"],"meta":{}},{"ancestorTitles":["Authentication System - Regression Tests","Controle de Acesso e Permissões"],"fullName":"Authentication System - Regression Tests Controle de Acesso e Permissões deve verificar permissões de admin corretamente","status":"failed","title":"deve verificar permissões de admin corretamente","duration":26.300100000000384,"failureMessages":["TypeError: authService.hasPermission is not a function\n    at C:/xampp/htdocs/_MVP_Video_TecnicoCursos_v7/tests/regression/core/authentication.test.ts:333:48\n    at file:///C:/xampp/htdocs/_MVP_Video_TecnicoCursos_v7/tests/node_modules/@vitest/runner/dist/index.js:753:20","TypeError: authService.hasPermission is not a function\n    at C:/xampp/htdocs/_MVP_Video_TecnicoCursos_v7/tests/regression/core/authentication.test.ts:333:48\n    at file:///C:/xampp/htdocs/_MVP_Video_TecnicoCursos_v7/tests/node_modules/@vitest/runner/dist/index.js:753:20"],"meta":{}},{"ancestorTitles":["Authentication System - Regression Tests","Controle de Acesso e Permissões"],"fullName":"Authentication System - Regression Tests Controle de Acesso e Permissões deve negar permissões de admin para usuários comuns","status":"failed","title":"deve negar permissões de admin para usuários comuns","duration":26.304200000000492,"failureMessages":["TypeError: authService.hasPermission is not a function\n    at C:/xampp/htdocs/_MVP_Video_TecnicoCursos_v7/tests/regression/core/authentication.test.ts:350:48\n    at file:///C:/xampp/htdocs/_MVP_Video_TecnicoCursos_v7/tests/node_modules/@vitest/runner/dist/index.js:753:20","TypeError: authService.hasPermission is not a function\n    at C:/xampp/htdocs/_MVP_Video_TecnicoCursos_v7/tests/regression/core/authentication.test.ts:350:48\n    at file:///C:/xampp/htdocs/_MVP_Video_TecnicoCursos_v7/tests/node_modules/@vitest/runner/dist/index.js:753:20"],"meta":{}},{"ancestorTitles":["Authentication System - Regression Tests","Controle de Acesso e Permissões"],"fullName":"Authentication System - Regression Tests Controle de Acesso e Permissões deve permitir acesso a recursos próprios do usuário","status":"failed","title":"deve permitir acesso a recursos próprios do usuário","duration":26.044300000001385,"failureMessages":["TypeError: authService.canAccessResource is not a function\n    at C:/xampp/htdocs/_MVP_Video_TecnicoCursos_v7/tests/regression/core/authentication.test.ts:367:53\n    at file:///C:/xampp/htdocs/_MVP_Video_TecnicoCursos_v7/tests/node_modules/@vitest/runner/dist/index.js:753:20","TypeError: authService.canAccessResource is not a function\n    at C:/xampp/htdocs/_MVP_Video_TecnicoCursos_v7/tests/regression/core/authentication.test.ts:367:53\n    at file:///C:/xampp/htdocs/_MVP_Video_TecnicoCursos_v7/tests/node_modules/@vitest/runner/dist/index.js:753:20"],"meta":{}},{"ancestorTitles":["Authentication System - Regression Tests","Controle de Acesso e Permissões"],"fullName":"Authentication System - Regression Tests Controle de Acesso e Permissões deve negar acesso a recursos de outros usuários","status":"failed","title":"deve negar acesso a recursos de outros usuários","duration":25.979199999999764,"failureMessages":["TypeError: authService.canAccessResource is not a function\n    at C:/xampp/htdocs/_MVP_Video_TecnicoCursos_v7/tests/regression/core/authentication.test.ts:387:55\n    at file:///C:/xampp/htdocs/_MVP_Video_TecnicoCursos_v7/tests/node_modules/@vitest/runner/dist/index.js:753:20","TypeError: authService.canAccessResource is not a function\n    at C:/xampp/htdocs/_MVP_Video_TecnicoCursos_v7/tests/regression/core/authentication.test.ts:387:55\n    at file:///C:/xampp/htdocs/_MVP_Video_TecnicoCursos_v7/tests/node_modules/@vitest/runner/dist/index.js:753:20"],"meta":{}},{"ancestorTitles":["Authentication System - Regression Tests","Recuperação de Senha - Fluxo Crítico"],"fullName":"Authentication System - Regression Tests Recuperação de Senha - Fluxo Crítico deve gerar token de recuperação válido","status":"failed","title":"deve gerar token de recuperação válido","duration":25.44430000000102,"failureMessages":["TypeError: authService.requestPasswordReset is not a function\n    at C:/xampp/htdocs/_MVP_Video_TecnicoCursos_v7/tests/regression/core/authentication.test.ts:404:45\n    at file:///C:/xampp/htdocs/_MVP_Video_TecnicoCursos_v7/tests/node_modules/@vitest/runner/dist/index.js:157:11\n    at file:///C:/xampp/htdocs/_MVP_Video_TecnicoCursos_v7/tests/node_modules/@vitest/runner/dist/index.js:753:26\n    at file:///C:/xampp/htdocs/_MVP_Video_TecnicoCursos_v7/tests/node_modules/@vitest/runner/dist/index.js:1636:20\n    at new Promise (<anonymous>)\n    at runWithTimeout (file:///C:/xampp/htdocs/_MVP_Video_TecnicoCursos_v7/tests/node_modules/@vitest/runner/dist/index.js:1602:10)\n    at runTest (file:///C:/xampp/htdocs/_MVP_Video_TecnicoCursos_v7/tests/node_modules/@vitest/runner/dist/index.js:1309:12)\n    at async Promise.all (index 0)\n    at runSuite (file:///C:/xampp/htdocs/_MVP_Video_TecnicoCursos_v7/tests/node_modules/@vitest/runner/dist/index.js:1457:7)\n    at async Promise.all (index 4)","TypeError: authService.requestPasswordReset is not a function\n    at C:/xampp/htdocs/_MVP_Video_TecnicoCursos_v7/tests/regression/core/authentication.test.ts:404:45\n    at file:///C:/xampp/htdocs/_MVP_Video_TecnicoCursos_v7/tests/node_modules/@vitest/runner/dist/index.js:157:11\n    at file:///C:/xampp/htdocs/_MVP_Video_TecnicoCursos_v7/tests/node_modules/@vitest/runner/dist/index.js:753:26\n    at file:///C:/xampp/htdocs/_MVP_Video_TecnicoCursos_v7/tests/node_modules/@vitest/runner/dist/index.js:1636:20\n    at new Promise (<anonymous>)\n    at runWithTimeout (file:///C:/xampp/htdocs/_MVP_Video_TecnicoCursos_v7/tests/node_modules/@vitest/runner/dist/index.js:1602:10)\n    at runTest (file:///C:/xampp/htdocs/_MVP_Video_TecnicoCursos_v7/tests/node_modules/@vitest/runner/dist/index.js:1309:12)\n    at async Promise.all (index 0)\n    at runSuite (file:///C:/xampp/htdocs/_MVP_Video_TecnicoCursos_v7/tests/node_modules/@vitest/runner/dist/index.js:1457:7)\n    at async Promise.all (index 4)"],"meta":{}},{"ancestorTitles":["Authentication System - Regression Tests","Recuperação de Senha - Fluxo Crítico"],"fullName":"Authentication System - Regression Tests Recuperação de Senha - Fluxo Crítico deve permitir redefinição de senha com token válido","status":"failed","title":"deve permitir redefinição de senha com token válido","duration":25.366299999999683,"failureMessages":["TypeError: authService.requestPasswordReset is not a function\n    at C:/xampp/htdocs/_MVP_Video_TecnicoCursos_v7/tests/regression/core/authentication.test.ts:422:45\n    at file:///C:/xampp/htdocs/_MVP_Video_TecnicoCursos_v7/tests/node_modules/@vitest/runner/dist/index.js:157:11\n    at file:///C:/xampp/htdocs/_MVP_Video_TecnicoCursos_v7/tests/node_modules/@vitest/runner/dist/index.js:753:26\n    at file:///C:/xampp/htdocs/_MVP_Video_TecnicoCursos_v7/tests/node_modules/@vitest/runner/dist/index.js:1636:20\n    at new Promise (<anonymous>)\n    at runWithTimeout (file:///C:/xampp/htdocs/_MVP_Video_TecnicoCursos_v7/tests/node_modules/@vitest/runner/dist/index.js:1602:10)\n    at runTest (file:///C:/xampp/htdocs/_MVP_Video_TecnicoCursos_v7/tests/node_modules/@vitest/runner/dist/index.js:1309:12)\n    at async Promise.all (index 1)\n    at runSuite (file:///C:/xampp/htdocs/_MVP_Video_TecnicoCursos_v7/tests/node_modules/@vitest/runner/dist/index.js:1457:7)\n    at async Promise.all (index 4)","TypeError: authService.requestPasswordReset is not a function\n    at C:/xampp/htdocs/_MVP_Video_TecnicoCursos_v7/tests/regression/core/authentication.test.ts:422:45\n    at file:///C:/xampp/htdocs/_MVP_Video_TecnicoCursos_v7/tests/node_modules/@vitest/runner/dist/index.js:157:11\n    at file:///C:/xampp/htdocs/_MVP_Video_TecnicoCursos_v7/tests/node_modules/@vitest/runner/dist/index.js:753:26\n    at file:///C:/xampp/htdocs/_MVP_Video_TecnicoCursos_v7/tests/node_modules/@vitest/runner/dist/index.js:1636:20\n    at new Promise (<anonymous>)\n    at runWithTimeout (file:///C:/xampp/htdocs/_MVP_Video_TecnicoCursos_v7/tests/node_modules/@vitest/runner/dist/index.js:1602:10)\n    at runTest (file:///C:/xampp/htdocs/_MVP_Video_TecnicoCursos_v7/tests/node_modules/@vitest/runner/dist/index.js:1309:12)\n    at async Promise.all (index 1)\n    at runSuite (file:///C:/xampp/htdocs/_MVP_Video_TecnicoCursos_v7/tests/node_modules/@vitest/runner/dist/index.js:1457:7)\n    at async Promise.all (index 4)"],"meta":{}},{"ancestorTitles":["Authentication System - Regression Tests","Recuperação de Senha - Fluxo Crítico"],"fullName":"Authentication System - Regression Tests Recuperação de Senha - Fluxo Crítico deve rejeitar tokens de recuperação expirados","status":"failed","title":"deve rejeitar tokens de recuperação expirados","duration":24.54860000000008,"failureMessages":["TypeError: authService.requestPasswordReset is not a function\n    at C:/xampp/htdocs/_MVP_Video_TecnicoCursos_v7/tests/regression/core/authentication.test.ts:451:45\n    at file:///C:/xampp/htdocs/_MVP_Video_TecnicoCursos_v7/tests/node_modules/@vitest/runner/dist/index.js:157:11\n    at file:///C:/xampp/htdocs/_MVP_Video_TecnicoCursos_v7/tests/node_modules/@vitest/runner/dist/index.js:753:26\n    at file:///C:/xampp/htdocs/_MVP_Video_TecnicoCursos_v7/tests/node_modules/@vitest/runner/dist/index.js:1636:20\n    at new Promise (<anonymous>)\n    at runWithTimeout (file:///C:/xampp/htdocs/_MVP_Video_TecnicoCursos_v7/tests/node_modules/@vitest/runner/dist/index.js:1602:10)\n    at runTest (file:///C:/xampp/htdocs/_MVP_Video_TecnicoCursos_v7/tests/node_modules/@vitest/runner/dist/index.js:1309:12)\n    at async Promise.all (index 2)\n    at runSuite (file:///C:/xampp/htdocs/_MVP_Video_TecnicoCursos_v7/tests/node_modules/@vitest/runner/dist/index.js:1457:7)\n    at async Promise.all (index 4)","TypeError: authService.requestPasswordReset is not a function\n    at C:/xampp/htdocs/_MVP_Video_TecnicoCursos_v7/tests/regression/core/authentication.test.ts:451:45\n    at file:///C:/xampp/htdocs/_MVP_Video_TecnicoCursos_v7/tests/node_modules/@vitest/runner/dist/index.js:157:11\n    at file:///C:/xampp/htdocs/_MVP_Video_TecnicoCursos_v7/tests/node_modules/@vitest/runner/dist/index.js:753:26\n    at file:///C:/xampp/htdocs/_MVP_Video_TecnicoCursos_v7/tests/node_modules/@vitest/runner/dist/index.js:1636:20\n    at new Promise (<anonymous>)\n    at runWithTimeout (file:///C:/xampp/htdocs/_MVP_Video_TecnicoCursos_v7/tests/node_modules/@vitest/runner/dist/index.js:1602:10)\n    at runTest (file:///C:/xampp/htdocs/_MVP_Video_TecnicoCursos_v7/tests/node_modules/@vitest/runner/dist/index.js:1309:12)\n    at async Promise.all (index 2)\n    at runSuite (file:///C:/xampp/htdocs/_MVP_Video_TecnicoCursos_v7/tests/node_modules/@vitest/runner/dist/index.js:1457:7)\n    at async Promise.all (index 4)"],"meta":{}},{"ancestorTitles":["Authentication System - Regression Tests","Recuperação de Senha - Fluxo Crítico"],"fullName":"Authentication System - Regression Tests Recuperação de Senha - Fluxo Crítico deve invalidar token após uso bem-sucedido","status":"failed","title":"deve invalidar token após uso bem-sucedido","duration":24.421399999999267,"failureMessages":["TypeError: authService.requestPasswordReset is not a function\n    at C:/xampp/htdocs/_MVP_Video_TecnicoCursos_v7/tests/regression/core/authentication.test.ts:473:45\n    at file:///C:/xampp/htdocs/_MVP_Video_TecnicoCursos_v7/tests/node_modules/@vitest/runner/dist/index.js:157:11\n    at file:///C:/xampp/htdocs/_MVP_Video_TecnicoCursos_v7/tests/node_modules/@vitest/runner/dist/index.js:753:26\n    at file:///C:/xampp/htdocs/_MVP_Video_TecnicoCursos_v7/tests/node_modules/@vitest/runner/dist/index.js:1636:20\n    at new Promise (<anonymous>)\n    at runWithTimeout (file:///C:/xampp/htdocs/_MVP_Video_TecnicoCursos_v7/tests/node_modules/@vitest/runner/dist/index.js:1602:10)\n    at runTest (file:///C:/xampp/htdocs/_MVP_Video_TecnicoCursos_v7/tests/node_modules/@vitest/runner/dist/index.js:1309:12)\n    at async Promise.all (index 3)\n    at runSuite (file:///C:/xampp/htdocs/_MVP_Video_TecnicoCursos_v7/tests/node_modules/@vitest/runner/dist/index.js:1457:7)\n    at async Promise.all (index 4)","TypeError: authService.requestPasswordReset is not a function\n    at C:/xampp/htdocs/_MVP_Video_TecnicoCursos_v7/tests/regression/core/authentication.test.ts:473:45\n    at file:///C:/xampp/htdocs/_MVP_Video_TecnicoCursos_v7/tests/node_modules/@vitest/runner/dist/index.js:157:11\n    at file:///C:/xampp/htdocs/_MVP_Video_TecnicoCursos_v7/tests/node_modules/@vitest/runner/dist/index.js:753:26\n    at file:///C:/xampp/htdocs/_MVP_Video_TecnicoCursos_v7/tests/node_modules/@vitest/runner/dist/index.js:1636:20\n    at new Promise (<anonymous>)\n    at runWithTimeout (file:///C:/xampp/htdocs/_MVP_Video_TecnicoCursos_v7/tests/node_modules/@vitest/runner/dist/index.js:1602:10)\n    at runTest (file:///C:/xampp/htdocs/_MVP_Video_TecnicoCursos_v7/tests/node_modules/@vitest/runner/dist/index.js:1309:12)\n    at async Promise.all (index 3)\n    at runSuite (file:///C:/xampp/htdocs/_MVP_Video_TecnicoCursos_v7/tests/node_modules/@vitest/runner/dist/index.js:1457:7)\n    at async Promise.all (index 4)"],"meta":{}},{"ancestorTitles":["Authentication System - Regression Tests","Verificação de Email - Processo Obrigatório"],"fullName":"Authentication System - Regression Tests Verificação de Email - Processo Obrigatório deve bloquear login de usuários não verificados","status":"failed","title":"deve bloquear login de usuários não verificados","duration":24.504100000000108,"failureMessages":["AssertionError: expected true to be false // Object.is equality\n    at C:/xampp/htdocs/_MVP_Video_TecnicoCursos_v7/tests/regression/core/authentication.test.ts:501:35\n    at file:///C:/xampp/htdocs/_MVP_Video_TecnicoCursos_v7/tests/node_modules/@vitest/runner/dist/index.js:753:20","AssertionError: expected true to be false // Object.is equality\n    at C:/xampp/htdocs/_MVP_Video_TecnicoCursos_v7/tests/regression/core/authentication.test.ts:501:35\n    at file:///C:/xampp/htdocs/_MVP_Video_TecnicoCursos_v7/tests/node_modules/@vitest/runner/dist/index.js:753:20"],"meta":{}},{"ancestorTitles":["Authentication System - Regression Tests","Verificação de Email - Processo Obrigatório"],"fullName":"Authentication System - Regression Tests Verificação de Email - Processo Obrigatório deve permitir reenvio de email de verificação","status":"failed","title":"deve permitir reenvio de email de verificação","duration":24.261099999999715,"failureMessages":["TypeError: authService.resendVerificationEmail is not a function\n    at C:/xampp/htdocs/_MVP_Video_TecnicoCursos_v7/tests/regression/core/authentication.test.ts:510:46\n    at file:///C:/xampp/htdocs/_MVP_Video_TecnicoCursos_v7/tests/node_modules/@vitest/runner/dist/index.js:157:11\n    at file:///C:/xampp/htdocs/_MVP_Video_TecnicoCursos_v7/tests/node_modules/@vitest/runner/dist/index.js:753:26\n    at file:///C:/xampp/htdocs/_MVP_Video_TecnicoCursos_v7/tests/node_modules/@vitest/runner/dist/index.js:1636:20\n    at new Promise (<anonymous>)\n    at runWithTimeout (file:///C:/xampp/htdocs/_MVP_Video_TecnicoCursos_v7/tests/node_modules/@vitest/runner/dist/index.js:1602:10)\n    at runTest (file:///C:/xampp/htdocs/_MVP_Video_TecnicoCursos_v7/tests/node_modules/@vitest/runner/dist/index.js:1309:12)\n    at async Promise.all (index 1)\n    at runSuite (file:///C:/xampp/htdocs/_MVP_Video_TecnicoCursos_v7/tests/node_modules/@vitest/runner/dist/index.js:1457:7)\n    at async Promise.all (index 5)","TypeError: authService.resendVerificationEmail is not a function\n    at C:/xampp/htdocs/_MVP_Video_TecnicoCursos_v7/tests/regression/core/authentication.test.ts:510:46\n    at file:///C:/xampp/htdocs/_MVP_Video_TecnicoCursos_v7/tests/node_modules/@vitest/runner/dist/index.js:157:11\n    at file:///C:/xampp/htdocs/_MVP_Video_TecnicoCursos_v7/tests/node_modules/@vitest/runner/dist/index.js:753:26\n    at file:///C:/xampp/htdocs/_MVP_Video_TecnicoCursos_v7/tests/node_modules/@vitest/runner/dist/index.js:1636:20\n    at new Promise (<anonymous>)\n    at runWithTimeout (file:///C:/xampp/htdocs/_MVP_Video_TecnicoCursos_v7/tests/node_modules/@vitest/runner/dist/index.js:1602:10)\n    at runTest (file:///C:/xampp/htdocs/_MVP_Video_TecnicoCursos_v7/tests/node_modules/@vitest/runner/dist/index.js:1309:12)\n    at async Promise.all (index 1)\n    at runSuite (file:///C:/xampp/htdocs/_MVP_Video_TecnicoCursos_v7/tests/node_modules/@vitest/runner/dist/index.js:1457:7)\n    at async Promise.all (index 5)"],"meta":{}},{"ancestorTitles":["Authentication System - Regression Tests","Verificação de Email - Processo Obrigatório"],"fullName":"Authentication System - Regression Tests Verificação de Email - Processo Obrigatório deve verificar email com token válido","status":"failed","title":"deve verificar email com token válido","duration":24.183899999999994,"failureMessages":["TypeError: authService.resendVerificationEmail is not a function\n    at C:/xampp/htdocs/_MVP_Video_TecnicoCursos_v7/tests/regression/core/authentication.test.ts:520:46\n    at file:///C:/xampp/htdocs/_MVP_Video_TecnicoCursos_v7/tests/node_modules/@vitest/runner/dist/index.js:157:11\n    at file:///C:/xampp/htdocs/_MVP_Video_TecnicoCursos_v7/tests/node_modules/@vitest/runner/dist/index.js:753:26\n    at file:///C:/xampp/htdocs/_MVP_Video_TecnicoCursos_v7/tests/node_modules/@vitest/runner/dist/index.js:1636:20\n    at new Promise (<anonymous>)\n    at runWithTimeout (file:///C:/xampp/htdocs/_MVP_Video_TecnicoCursos_v7/tests/node_modules/@vitest/runner/dist/index.js:1602:10)\n    at runTest (file:///C:/xampp/htdocs/_MVP_Video_TecnicoCursos_v7/tests/node_modules/@vitest/runner/dist/index.js:1309:12)\n    at async Promise.all (index 2)\n    at runSuite (file:///C:/xampp/htdocs/_MVP_Video_TecnicoCursos_v7/tests/node_modules/@vitest/runner/dist/index.js:1457:7)\n    at async Promise.all (index 5)","TypeError: authService.resendVerificationEmail is not a function\n    at C:/xampp/htdocs/_MVP_Video_TecnicoCursos_v7/tests/regression/core/authentication.test.ts:520:46\n    at file:///C:/xampp/htdocs/_MVP_Video_TecnicoCursos_v7/tests/node_modules/@vitest/runner/dist/index.js:157:11\n    at file:///C:/xampp/htdocs/_MVP_Video_TecnicoCursos_v7/tests/node_modules/@vitest/runner/dist/index.js:753:26\n    at file:///C:/xampp/htdocs/_MVP_Video_TecnicoCursos_v7/tests/node_modules/@vitest/runner/dist/index.js:1636:20\n    at new Promise (<anonymous>)\n    at runWithTimeout (file:///C:/xampp/htdocs/_MVP_Video_TecnicoCursos_v7/tests/node_modules/@vitest/runner/dist/index.js:1602:10)\n    at runTest (file:///C:/xampp/htdocs/_MVP_Video_TecnicoCursos_v7/tests/node_modules/@vitest/runner/dist/index.js:1309:12)\n    at async Promise.all (index 2)\n    at runSuite (file:///C:/xampp/htdocs/_MVP_Video_TecnicoCursos_v7/tests/node_modules/@vitest/runner/dist/index.js:1457:7)\n    at async Promise.all (index 5)"],"meta":{}},{"ancestorTitles":["Authentication System - Regression Tests","Casos Extremos e Edge Cases"],"fullName":"Authentication System - Regression Tests Casos Extremos e Edge Cases deve lidar com tentativas de login simultâneas","status":"failed","title":"deve lidar com tentativas de login simultâneas","duration":24.197699999998804,"failureMessages":["AssertionError: expected undefined to be defined\n    at C:/xampp/htdocs/_MVP_Video_TecnicoCursos_v7/tests/regression/core/authentication.test.ts:555:36\n    at Array.forEach (<anonymous>)\n    at C:/xampp/htdocs/_MVP_Video_TecnicoCursos_v7/tests/regression/core/authentication.test.ts:553:15\n    at file:///C:/xampp/htdocs/_MVP_Video_TecnicoCursos_v7/tests/node_modules/@vitest/runner/dist/index.js:753:20","AssertionError: expected undefined to be defined\n    at C:/xampp/htdocs/_MVP_Video_TecnicoCursos_v7/tests/regression/core/authentication.test.ts:555:36\n    at Array.forEach (<anonymous>)\n    at C:/xampp/htdocs/_MVP_Video_TecnicoCursos_v7/tests/regression/core/authentication.test.ts:553:15\n    at file:///C:/xampp/htdocs/_MVP_Video_TecnicoCursos_v7/tests/node_modules/@vitest/runner/dist/index.js:753:20"],"meta":{}},{"ancestorTitles":["Authentication System - Regression Tests","Casos Extremos e Edge Cases"],"fullName":"Authentication System - Regression Tests Casos Extremos e Edge Cases deve resistir a ataques de força bruta","status":"failed","title":"deve resistir a ataques de força bruta","duration":25.484300000000076,"failureMessages":["AssertionError: expected false to be true // Object.is equality\n    at C:/xampp/htdocs/_MVP_Video_TecnicoCursos_v7/tests/regression/core/authentication.test.ts:579:68\n    at file:///C:/xampp/htdocs/_MVP_Video_TecnicoCursos_v7/tests/node_modules/@vitest/runner/dist/index.js:753:20","AssertionError: expected false to be true // Object.is equality\n    at C:/xampp/htdocs/_MVP_Video_TecnicoCursos_v7/tests/regression/core/authentication.test.ts:579:68\n    at file:///C:/xampp/htdocs/_MVP_Video_TecnicoCursos_v7/tests/node_modules/@vitest/runner/dist/index.js:753:20"],"meta":{}},{"ancestorTitles":["Authentication System - Regression Tests","Casos Extremos e Edge Cases"],"fullName":"Authentication System - Regression Tests Casos Extremos e Edge Cases deve manter integridade durante alta concorrência","status":"failed","title":"deve manter integridade durante alta concorrência","duration":25.197799999999916,"failureMessages":["TypeError: sessionManager.getActiveSessions is not a function\n    at C:/xampp/htdocs/_MVP_Video_TecnicoCursos_v7/tests/regression/core/authentication.test.ts:615:51\n    at file:///C:/xampp/htdocs/_MVP_Video_TecnicoCursos_v7/tests/node_modules/@vitest/runner/dist/index.js:753:20","TypeError: sessionManager.getActiveSessions is not a function\n    at C:/xampp/htdocs/_MVP_Video_TecnicoCursos_v7/tests/regression/core/authentication.test.ts:615:51\n    at file:///C:/xampp/htdocs/_MVP_Video_TecnicoCursos_v7/tests/node_modules/@vitest/runner/dist/index.js:753:20"],"meta":{}},{"ancestorTitles":["Authentication System - Regression Tests","Casos Extremos e Edge Cases"],"fullName":"Authentication System - Regression Tests Casos Extremos e Edge Cases deve manter funcionalidade após reinicialização do sistema","status":"failed","title":"deve manter funcionalidade após reinicialização do sistema","duration":9.14890000000014,"failureMessages":["TypeError: newAuthService.validateToken is not a function\n    at C:/xampp/htdocs/_MVP_Video_TecnicoCursos_v7/tests/regression/core/authentication.test.ts:635:52\n    at file:///C:/xampp/htdocs/_MVP_Video_TecnicoCursos_v7/tests/node_modules/@vitest/runner/dist/index.js:753:20","TypeError: newAuthService.validateToken is not a function\n    at C:/xampp/htdocs/_MVP_Video_TecnicoCursos_v7/tests/regression/core/authentication.test.ts:635:52\n    at file:///C:/xampp/htdocs/_MVP_Video_TecnicoCursos_v7/tests/node_modules/@vitest/runner/dist/index.js:753:20"],"meta":{}},{"ancestorTitles":["Authentication System - Regression Tests","Integração com Provedores Externos"],"fullName":"Authentication System - Regression Tests Integração com Provedores Externos deve autenticar via Google OAuth","status":"failed","title":"deve autenticar via Google OAuth","duration":8.837499999999636,"failureMessages":["Error: The property \"verifyGoogleToken\" is not defined on the object.\n    at assert (file:///C:/xampp/htdocs/_MVP_Video_TecnicoCursos_v7/tests/node_modules/@vitest/spy/dist/index.js:227:9)\n    at Object.spyOn (file:///C:/xampp/htdocs/_MVP_Video_TecnicoCursos_v7/tests/node_modules/@vitest/spy/dist/index.js:148:2)\n    at C:/xampp/htdocs/_MVP_Video_TecnicoCursos_v7/tests/regression/core/authentication.test.ts:655:10\n    at file:///C:/xampp/htdocs/_MVP_Video_TecnicoCursos_v7/tests/node_modules/@vitest/runner/dist/index.js:157:11\n    at file:///C:/xampp/htdocs/_MVP_Video_TecnicoCursos_v7/tests/node_modules/@vitest/runner/dist/index.js:753:26\n    at file:///C:/xampp/htdocs/_MVP_Video_TecnicoCursos_v7/tests/node_modules/@vitest/runner/dist/index.js:1636:20\n    at new Promise (<anonymous>)\n    at runWithTimeout (file:///C:/xampp/htdocs/_MVP_Video_TecnicoCursos_v7/tests/node_modules/@vitest/runner/dist/index.js:1602:10)\n    at runTest (file:///C:/xampp/htdocs/_MVP_Video_TecnicoCursos_v7/tests/node_modules/@vitest/runner/dist/index.js:1309:12)\n    at async Promise.all (index 0)","Error: The property \"verifyGoogleToken\" is not defined on the object.\n    at assert (file:///C:/xampp/htdocs/_MVP_Video_TecnicoCursos_v7/tests/node_modules/@vitest/spy/dist/index.js:227:9)\n    at Object.spyOn (file:///C:/xampp/htdocs/_MVP_Video_TecnicoCursos_v7/tests/node_modules/@vitest/spy/dist/index.js:148:2)\n    at C:/xampp/htdocs/_MVP_Video_TecnicoCursos_v7/tests/regression/core/authentication.test.ts:655:10\n    at file:///C:/xampp/htdocs/_MVP_Video_TecnicoCursos_v7/tests/node_modules/@vitest/runner/dist/index.js:157:11\n    at file:///C:/xampp/htdocs/_MVP_Video_TecnicoCursos_v7/tests/node_modules/@vitest/runner/dist/index.js:753:26\n    at file:///C:/xampp/htdocs/_MVP_Video_TecnicoCursos_v7/tests/node_modules/@vitest/runner/dist/index.js:1636:20\n    at new Promise (<anonymous>)\n    at runWithTimeout (file:///C:/xampp/htdocs/_MVP_Video_TecnicoCursos_v7/tests/node_modules/@vitest/runner/dist/index.js:1602:10)\n    at runTest (file:///C:/xampp/htdocs/_MVP_Video_TecnicoCursos_v7/tests/node_modules/@vitest/runner/dist/index.js:1309:12)\n    at async Promise.all (index 0)"],"meta":{}},{"ancestorTitles":["Authentication System - Regression Tests","Integração com Provedores Externos"],"fullName":"Authentication System - Regression Tests Integração com Provedores Externos deve sincronizar dados do usuário OAuth","status":"failed","title":"deve sincronizar dados do usuário OAuth","duration":8.767799999999625,"failureMessages":["Error: The property \"verifyGithubToken\" is not defined on the object.\n    at assert (file:///C:/xampp/htdocs/_MVP_Video_TecnicoCursos_v7/tests/node_modules/@vitest/spy/dist/index.js:227:9)\n    at Object.spyOn (file:///C:/xampp/htdocs/_MVP_Video_TecnicoCursos_v7/tests/node_modules/@vitest/spy/dist/index.js:148:2)\n    at C:/xampp/htdocs/_MVP_Video_TecnicoCursos_v7/tests/regression/core/authentication.test.ts:677:10\n    at file:///C:/xampp/htdocs/_MVP_Video_TecnicoCursos_v7/tests/node_modules/@vitest/runner/dist/index.js:157:11\n    at file:///C:/xampp/htdocs/_MVP_Video_TecnicoCursos_v7/tests/node_modules/@vitest/runner/dist/index.js:753:26\n    at file:///C:/xampp/htdocs/_MVP_Video_TecnicoCursos_v7/tests/node_modules/@vitest/runner/dist/index.js:1636:20\n    at new Promise (<anonymous>)\n    at runWithTimeout (file:///C:/xampp/htdocs/_MVP_Video_TecnicoCursos_v7/tests/node_modules/@vitest/runner/dist/index.js:1602:10)\n    at runTest (file:///C:/xampp/htdocs/_MVP_Video_TecnicoCursos_v7/tests/node_modules/@vitest/runner/dist/index.js:1309:12)\n    at async Promise.all (index 1)","Error: The property \"verifyGithubToken\" is not defined on the object.\n    at assert (file:///C:/xampp/htdocs/_MVP_Video_TecnicoCursos_v7/tests/node_modules/@vitest/spy/dist/index.js:227:9)\n    at Object.spyOn (file:///C:/xampp/htdocs/_MVP_Video_TecnicoCursos_v7/tests/node_modules/@vitest/spy/dist/index.js:148:2)\n    at C:/xampp/htdocs/_MVP_Video_TecnicoCursos_v7/tests/regression/core/authentication.test.ts:677:10\n    at file:///C:/xampp/htdocs/_MVP_Video_TecnicoCursos_v7/tests/node_modules/@vitest/runner/dist/index.js:157:11\n    at file:///C:/xampp/htdocs/_MVP_Video_TecnicoCursos_v7/tests/node_modules/@vitest/runner/dist/index.js:753:26\n    at file:///C:/xampp/htdocs/_MVP_Video_TecnicoCursos_v7/tests/node_modules/@vitest/runner/dist/index.js:1636:20\n    at new Promise (<anonymous>)\n    at runWithTimeout (file:///C:/xampp/htdocs/_MVP_Video_TecnicoCursos_v7/tests/node_modules/@vitest/runner/dist/index.js:1602:10)\n    at runTest (file:///C:/xampp/htdocs/_MVP_Video_TecnicoCursos_v7/tests/node_modules/@vitest/runner/dist/index.js:1309:12)\n    at async Promise.all (index 1)"],"meta":{}}],"startTime":1761904491208,"endTime":1761904494242.3518,"status":"failed","message":"","name":"C:/xampp/htdocs/_MVP_Video_TecnicoCursos_v7/tests/regression/core/authentication.test.ts"}]}