{"total": {"lines":{"total":160,"covered":146,"skipped":0,"pct":91.25},"statements":{"total":167,"covered":149,"skipped":0,"pct":89.22},"functions":{"total":17,"covered":17,"skipped":0,"pct":100},"branches":{"total":76,"covered":50,"skipped":0,"pct":65.78},"branchesTrue":{"total":0,"covered":0,"skipped":0,"pct":100}}
,"C:\\xampp\\htdocs\\_MVP_Video_TecnicoCursos_v7\\estudio_ia_videos\\app\\lib\\pptx-processor.ts": {"lines":{"total":45,"covered":40,"skipped":0,"pct":88.88},"functions":{"total":4,"covered":4,"skipped":0,"pct":100},"statements":{"total":48,"covered":43,"skipped":0,"pct":89.58},"branches":{"total":24,"covered":19,"skipped":0,"pct":79.16}}
,"C:\\xampp\\htdocs\\_MVP_Video_TecnicoCursos_v7\\estudio_ia_videos\\app\\lib\\pptx\\pptx-parser.ts": {"lines":{"total":73,"covered":65,"skipped":0,"pct":89.04},"functions":{"total":8,"covered":8,"skipped":0,"pct":100},"statements":{"total":77,"covered":65,"skipped":0,"pct":84.41},"branches":{"total":44,"covered":24,"skipped":0,"pct":54.54}}
,"C:\\xampp\\htdocs\\_MVP_Video_TecnicoCursos_v7\\estudio_ia_videos\\app\\tests\\test-helpers.ts": {"lines":{"total":42,"covered":41,"skipped":0,"pct":97.61},"functions":{"total":5,"covered":5,"skipped":0,"pct":100},"statements":{"total":42,"covered":41,"skipped":0,"pct":97.61},"branches":{"total":8,"covered":7,"skipped":0,"pct":87.5}}
}
