TN:
SF:estudio_ia_videos\app\lib\pptx-processor.ts
FN:44,(anonymous_0)
FN:83,(anonymous_1)
FN:102,(anonymous_2)
FN:141,validatePPTXFile
FNF:4
FNH:4
FNDA:14,(anonymous_0)
FNDA:11,(anonymous_1)
FNDA:11,(anonymous_2)
FNDA:21,validatePPTXFile
DA:1,2
DA:2,2
DA:5,2
DA:8,2
DA:23,2
DA:33,2
DA:44,2
DA:50,14
DA:52,14
DA:53,14
DA:54,2
DA:63,12
DA:64,12
DA:67,12
DA:68,12
DA:69,12
DA:70,12
DA:72,12
DA:80,12
DA:81,12
DA:83,12
DA:94,12
DA:102,12
DA:104,12
DA:107,12
DA:116,12
DA:117,12
DA:118,0
DA:127,12
DA:130,0
DA:131,0
DA:141,2
DA:142,21
DA:143,4
DA:146,17
DA:147,1
DA:150,16
DA:151,16
DA:152,16
DA:153,16
DA:154,16
DA:155,2
DA:157,14
DA:159,0
DA:160,0
LF:45
LH:40
BRDA:47,0,0,14
BRDA:53,1,0,2
BRDA:80,2,0,12
BRDA:80,2,1,12
BRDA:81,3,0,12
BRDA:81,3,1,12
BRDA:86,4,0,11
BRDA:86,4,1,0
BRDA:87,5,0,11
BRDA:87,5,1,0
BRDA:88,6,0,11
BRDA:88,6,1,11
BRDA:89,7,0,11
BRDA:89,7,1,11
BRDA:90,8,0,11
BRDA:90,8,1,11
BRDA:117,9,0,0
BRDA:130,10,0,0
BRDA:130,10,1,0
BRDA:142,11,0,4
BRDA:142,12,0,21
BRDA:142,12,1,21
BRDA:146,13,0,1
BRDA:154,14,0,2
BRF:24
BRH:19
end_of_record
TN:
SF:estudio_ia_videos\app\lib\pptx\pptx-parser.ts
FN:16,(anonymous_1)
FN:28,(anonymous_2)
FN:41,(anonymous_3)
FN:99,(anonymous_4)
FN:135,(anonymous_5)
FN:139,(anonymous_6)
FN:146,(anonymous_7)
FN:147,(anonymous_8)
FNF:8
FNH:8
FNDA:12,(anonymous_1)
FNDA:16,(anonymous_2)
FNDA:12,(anonymous_3)
FNDA:11,(anonymous_4)
FNDA:133,(anonymous_5)
FNDA:56,(anonymous_6)
FNDA:11,(anonymous_7)
FNDA:33,(anonymous_8)
DA:1,2
DA:2,2
DA:5,2
DA:13,2
DA:17,12
DA:29,16
DA:30,16
DA:31,14
DA:32,14
DA:33,0
DA:35,14
DA:37,2
DA:42,12
DA:44,12
DA:45,12
DA:46,12
DA:47,12
DA:48,11
DA:49,11
DA:50,11
DA:51,11
DA:52,11
DA:56,12
DA:57,12
DA:58,0
DA:60,12
DA:61,12
DA:63,12
DA:65,12
DA:66,12
DA:68,12
DA:69,12
DA:70,11
DA:71,11
DA:72,11
DA:73,11
DA:75,11
DA:76,11
DA:77,11
DA:78,11
DA:79,11
DA:89,12
DA:100,11
DA:101,11
DA:102,0
DA:105,11
DA:106,11
DA:107,0
DA:110,11
DA:111,11
DA:112,11
DA:113,11
DA:114,11
DA:116,11
DA:117,11
DA:118,22
DA:119,22
DA:120,22
DA:121,22
DA:122,22
DA:123,22
DA:124,22
DA:125,0
DA:126,0
DA:132,11
DA:136,133
DA:140,56
DA:141,0
DA:143,56
DA:147,11
DA:148,33
DA:149,0
DA:151,33
LF:73
LH:65
BRDA:32,0,0,0
BRDA:32,1,0,14
BRDA:32,1,1,14
BRDA:47,2,0,11
BRDA:50,3,0,11
BRDA:51,4,0,11
BRDA:51,4,1,0
BRDA:52,5,0,11
BRDA:52,5,1,0
BRDA:57,6,0,0
BRDA:63,7,0,12
BRDA:63,7,1,12
BRDA:65,8,0,12
BRDA:65,8,1,1
BRDA:65,9,0,11
BRDA:65,9,1,1
BRDA:65,10,0,11
BRDA:65,10,1,0
BRDA:69,11,0,11
BRDA:75,12,0,11
BRDA:80,13,0,11
BRDA:80,13,1,0
BRDA:101,14,0,0
BRDA:106,15,0,0
BRDA:112,16,0,0
BRDA:113,17,0,11
BRDA:113,17,1,0
BRDA:114,18,0,0
BRDA:118,19,0,0
BRDA:121,20,0,0
BRDA:123,21,0,22
BRDA:123,21,1,0
BRDA:123,22,0,22
BRDA:123,22,1,0
BRDA:125,23,0,0
BRDA:125,24,0,0
BRDA:125,24,1,0
BRDA:136,25,0,133
BRDA:136,25,1,132
BRDA:136,25,2,132
BRDA:140,26,0,0
BRDA:143,27,0,12
BRDA:143,27,1,44
BRDA:148,28,0,0
BRF:44
BRH:24
end_of_record
TN:
SF:estudio_ia_videos\app\tests\test-helpers.ts
FN:6,createTestPPTX
FN:35,cleanupTestFiles
FN:37,(anonymous_12)
FN:50,createFileObject
FN:60,createEmptyPPTX
FNF:5
FNH:5
FNDA:4,createTestPPTX
FNDA:2,cleanupTestFiles
FNDA:2,(anonymous_12)
FNDA:19,createFileObject
FNDA:1,createEmptyPPTX
DA:1,2
DA:2,2
DA:3,2
DA:6,2
DA:7,4
DA:10,4
DA:11,4
DA:13,4
DA:14,4
DA:15,4
DA:16,4
DA:18,4
DA:19,4
DA:20,4
DA:21,4
DA:25,4
DA:26,4
DA:27,4
DA:30,4
DA:31,4
DA:35,2
DA:36,2
DA:37,2
DA:38,2
DA:39,2
DA:43,2
DA:44,2
DA:45,0
DA:50,2
DA:51,19
DA:53,4
DA:55,15
DA:57,15
DA:60,2
DA:61,1
DA:62,1
DA:63,1
DA:64,1
DA:65,1
DA:66,1
DA:69,1
DA:70,1
LF:42
LH:41
BRDA:14,0,0,4
BRDA:19,1,0,4
BRDA:26,2,0,4
BRDA:36,3,0,2
BRDA:38,4,0,2
BRDA:44,5,0,0
BRDA:51,6,0,4
BRDA:65,7,0,1
BRF:8
BRH:7
end_of_record
